0 info it worked if it ends with ok
1 verbose cli [ '/usr/bin/node', '/usr/bin/npm', 'i', 'autoprefixer' ]
2 info using npm@3.5.2
3 info using node@v8.10.0
4 silly loadCurrentTree Starting
5 silly install loadCurrentTree
6 silly install readLocalPackageData
7 silly fetchPackageMetaData autoprefixer
8 silly fetchNamedPackageData autoprefixer
9 silly mapToRegistry name autoprefixer
10 silly mapToRegistry using default registry
11 silly mapToRegistry registry https://registry.npmjs.org/
12 silly mapToRegistry uri https://registry.npmjs.org/autoprefixer
13 verbose request uri https://registry.npmjs.org/autoprefixer
14 verbose request no auth needed
15 info attempt registry request try #1 at 12:19:42 PM
16 verbose request id d62aad83fd5a54d9
17 http request GET https://registry.npmjs.org/autoprefixer
18 http 200 https://registry.npmjs.org/autoprefixer
19 verbose headers { date: 'Mon, 05 Oct 2020 11:19:44 GMT',
19 verbose headers   'content-type': 'application/json',
19 verbose headers   'transfer-encoding': 'chunked',
19 verbose headers   connection: 'keep-alive',
19 verbose headers   'set-cookie':
19 verbose headers    [ '__cfduid=ddfd3a1ee8cd74b5b3cb3e84e345eeb451601896784; expires=Wed, 04-Nov-20 11:19:44 GMT; path=/; domain=.npmjs.org; HttpOnly; SameSite=Lax' ],
19 verbose headers   'cf-ray': '5dd6bfd9a9c8c4ec-LOS',
19 verbose headers   age: '4050',
19 verbose headers   'cache-control': 'public, max-age=300',
19 verbose headers   etag: 'W/"2ae2846b45365e06dced9666c94892ef"',
19 verbose headers   'last-modified': 'Sun, 27 Sep 2020 00:44:10 GMT',
19 verbose headers   vary: 'accept-encoding, accept',
19 verbose headers   'cf-cache-status': 'HIT',
19 verbose headers   'cf-request-id': '059a163c070000c4ec85216200000001',
19 verbose headers   'expect-ct': 'max-age=604800, report-uri="https://report-uri.cloudflare.com/cdn-cgi/beacon/expect-ct"',
19 verbose headers   server: 'cloudflare',
19 verbose headers   'content-encoding': 'gzip' }
20 silly get cb [ 200,
20 silly get   { date: 'Mon, 05 Oct 2020 11:19:44 GMT',
20 silly get     'content-type': 'application/json',
20 silly get     'transfer-encoding': 'chunked',
20 silly get     connection: 'keep-alive',
20 silly get     'set-cookie':
20 silly get      [ '__cfduid=ddfd3a1ee8cd74b5b3cb3e84e345eeb451601896784; expires=Wed, 04-Nov-20 11:19:44 GMT; path=/; domain=.npmjs.org; HttpOnly; SameSite=Lax' ],
20 silly get     'cf-ray': '5dd6bfd9a9c8c4ec-LOS',
20 silly get     age: '4050',
20 silly get     'cache-control': 'public, max-age=300',
20 silly get     etag: 'W/"2ae2846b45365e06dced9666c94892ef"',
20 silly get     'last-modified': 'Sun, 27 Sep 2020 00:44:10 GMT',
20 silly get     vary: 'accept-encoding, accept',
20 silly get     'cf-cache-status': 'HIT',
20 silly get     'cf-request-id': '059a163c070000c4ec85216200000001',
20 silly get     'expect-ct': 'max-age=604800, report-uri="https://report-uri.cloudflare.com/cdn-cgi/beacon/expect-ct"',
20 silly get     server: 'cloudflare',
20 silly get     'content-encoding': 'gzip' } ]
21 verbose get saving autoprefixer to /home/acer/.npm/registry.npmjs.org/autoprefixer/.cache.json
22 silly install normalizeTree
23 silly loadCurrentTree Finishing
24 silly loadIdealTree Starting
25 silly install loadIdealTree
26 silly cloneCurrentTree Starting
27 silly install cloneCurrentTreeToIdealTree
28 silly cloneCurrentTree Finishing
29 silly loadShrinkwrap Starting
30 silly install loadShrinkwrap
31 silly loadShrinkwrap Finishing
32 silly loadAllDepsIntoIdealTree Starting
33 silly install loadAllDepsIntoIdealTree
34 silly resolveWithNewModule autoprefixer@10.0.1 checking installable status
35 silly cache add args [ 'autoprefixer', null ]
36 verbose cache add spec autoprefixer
37 silly cache add parsed spec Result {
37 silly cache add   raw: 'autoprefixer',
37 silly cache add   scope: null,
37 silly cache add   name: 'autoprefixer',
37 silly cache add   rawSpec: '',
37 silly cache add   spec: 'latest',
37 silly cache add   type: 'tag' }
38 silly addNamed autoprefixer@latest
39 verbose addNamed "latest" is being treated as a dist-tag for autoprefixer
40 info addNameTag [ 'autoprefixer', 'latest' ]
41 silly mapToRegistry name autoprefixer
42 silly mapToRegistry using default registry
43 silly mapToRegistry registry https://registry.npmjs.org/
44 silly mapToRegistry uri https://registry.npmjs.org/autoprefixer
45 verbose addNameTag registry:https://registry.npmjs.org/autoprefixer not in flight; fetching
46 verbose get https://registry.npmjs.org/autoprefixer not expired, no request
47 silly addNameTag next cb for autoprefixer with tag latest
48 silly addNamed autoprefixer@10.0.1
49 verbose addNamed "10.0.1" is a plain semver version for autoprefixer
50 silly mapToRegistry name autoprefixer
51 silly mapToRegistry using default registry
52 silly mapToRegistry registry https://registry.npmjs.org/
53 silly mapToRegistry uri https://registry.npmjs.org/autoprefixer
54 verbose addRemoteTarball https://registry.npmjs.org/autoprefixer/-/autoprefixer-10.0.1.tgz not in flight; adding
55 verbose addRemoteTarball [ 'https://registry.npmjs.org/autoprefixer/-/autoprefixer-10.0.1.tgz',
55 verbose addRemoteTarball   'e2d9000f84ebd98d77b7bc16f8adb2ff1f7bb946' ]
56 info retry fetch attempt 1 at 12:19:47 PM
57 info attempt registry request try #1 at 12:19:47 PM
58 http fetch GET https://registry.npmjs.org/autoprefixer/-/autoprefixer-10.0.1.tgz
59 http fetch 200 https://registry.npmjs.org/autoprefixer/-/autoprefixer-10.0.1.tgz
60 silly fetchAndShaCheck shasum e2d9000f84ebd98d77b7bc16f8adb2ff1f7bb946
61 verbose addTmpTarball /tmp/npm-15049-112207e0/registry.npmjs.org/autoprefixer/-/autoprefixer-10.0.1.tgz not in flight; adding
62 verbose addTmpTarball already have metadata; skipping unpack for autoprefixer@10.0.1
63 silly cache afterAdd autoprefixer@10.0.1
64 verbose afterAdd /home/acer/.npm/autoprefixer/10.0.1/package/package.json not in flight; writing
65 verbose afterAdd /home/acer/.npm/autoprefixer/10.0.1/package/package.json written
66 silly fetchNamedPackageData colorette
67 silly mapToRegistry name colorette
68 silly mapToRegistry using default registry
69 silly mapToRegistry registry https://registry.npmjs.org/
70 silly mapToRegistry uri https://registry.npmjs.org/colorette
71 silly fetchNamedPackageData normalize-range
72 silly mapToRegistry name normalize-range
73 silly mapToRegistry using default registry
74 silly mapToRegistry registry https://registry.npmjs.org/
75 silly mapToRegistry uri https://registry.npmjs.org/normalize-range
76 silly fetchNamedPackageData num2fraction
77 silly mapToRegistry name num2fraction
78 silly mapToRegistry using default registry
79 silly mapToRegistry registry https://registry.npmjs.org/
80 silly mapToRegistry uri https://registry.npmjs.org/num2fraction
81 silly fetchNamedPackageData postcss-value-parser
82 silly mapToRegistry name postcss-value-parser
83 silly mapToRegistry using default registry
84 silly mapToRegistry registry https://registry.npmjs.org/
85 silly mapToRegistry uri https://registry.npmjs.org/postcss-value-parser
86 verbose request uri https://registry.npmjs.org/colorette
87 verbose request no auth needed
88 info attempt registry request try #1 at 12:19:47 PM
89 http request GET https://registry.npmjs.org/colorette
90 verbose request uri https://registry.npmjs.org/normalize-range
91 verbose request no auth needed
92 info attempt registry request try #1 at 12:19:47 PM
93 http request GET https://registry.npmjs.org/normalize-range
94 verbose request uri https://registry.npmjs.org/num2fraction
95 verbose request no auth needed
96 info attempt registry request try #1 at 12:19:47 PM
97 http request GET https://registry.npmjs.org/num2fraction
98 verbose request uri https://registry.npmjs.org/postcss-value-parser
99 verbose request no auth needed
100 info attempt registry request try #1 at 12:19:47 PM
101 http request GET https://registry.npmjs.org/postcss-value-parser
102 http 200 https://registry.npmjs.org/colorette
103 verbose headers { date: 'Mon, 05 Oct 2020 11:19:48 GMT',
103 verbose headers   'content-type': 'application/json',
103 verbose headers   'transfer-encoding': 'chunked',
103 verbose headers   connection: 'keep-alive',
103 verbose headers   'set-cookie':
103 verbose headers    [ '__cfduid=d8791c8e175a7b3bb7a8454932e9b74c61601896788; expires=Wed, 04-Nov-20 11:19:48 GMT; path=/; domain=.npmjs.org; HttpOnly; SameSite=Lax' ],
103 verbose headers   'cf-ray': '5dd6bfed9dacc4ec-LOS',
103 verbose headers   age: '4053',
103 verbose headers   'cache-control': 'public, max-age=300',
103 verbose headers   etag: 'W/"665ad403f25cfae166255a97f1ef22d0"',
103 verbose headers   'last-modified': 'Sun, 05 Jul 2020 13:33:21 GMT',
103 verbose headers   vary: 'accept-encoding, accept',
103 verbose headers   'cf-cache-status': 'HIT',
103 verbose headers   'cf-request-id': '059a16487d0000c4ec85357200000001',
103 verbose headers   'expect-ct': 'max-age=604800, report-uri="https://report-uri.cloudflare.com/cdn-cgi/beacon/expect-ct"',
103 verbose headers   server: 'cloudflare',
103 verbose headers   'content-encoding': 'gzip' }
104 silly get cb [ 200,
104 silly get   { date: 'Mon, 05 Oct 2020 11:19:48 GMT',
104 silly get     'content-type': 'application/json',
104 silly get     'transfer-encoding': 'chunked',
104 silly get     connection: 'keep-alive',
104 silly get     'set-cookie':
104 silly get      [ '__cfduid=d8791c8e175a7b3bb7a8454932e9b74c61601896788; expires=Wed, 04-Nov-20 11:19:48 GMT; path=/; domain=.npmjs.org; HttpOnly; SameSite=Lax' ],
104 silly get     'cf-ray': '5dd6bfed9dacc4ec-LOS',
104 silly get     age: '4053',
104 silly get     'cache-control': 'public, max-age=300',
104 silly get     etag: 'W/"665ad403f25cfae166255a97f1ef22d0"',
104 silly get     'last-modified': 'Sun, 05 Jul 2020 13:33:21 GMT',
104 silly get     vary: 'accept-encoding, accept',
104 silly get     'cf-cache-status': 'HIT',
104 silly get     'cf-request-id': '059a16487d0000c4ec85357200000001',
104 silly get     'expect-ct': 'max-age=604800, report-uri="https://report-uri.cloudflare.com/cdn-cgi/beacon/expect-ct"',
104 silly get     server: 'cloudflare',
104 silly get     'content-encoding': 'gzip' } ]
105 verbose get saving colorette to /home/acer/.npm/registry.npmjs.org/colorette/.cache.json
106 verbose stack Error: Missing required argument #1
106 verbose stack     at andLogAndFinish (/usr/share/npm/lib/fetch-package-metadata.js:31:3)
106 verbose stack     at fetchPackageMetadata (/usr/share/npm/lib/fetch-package-metadata.js:51:22)
106 verbose stack     at resolveWithNewModule (/usr/share/npm/lib/install/deps.js:456:12)
106 verbose stack     at /usr/share/npm/lib/install/deps.js:457:7
106 verbose stack     at /usr/share/npm/node_modules/iferr/index.js:13:50
106 verbose stack     at /usr/share/npm/lib/fetch-package-metadata.js:37:12
106 verbose stack     at addRequestedAndFinish (/usr/share/npm/lib/fetch-package-metadata.js:82:5)
106 verbose stack     at returnAndAddMetadata (/usr/share/npm/lib/fetch-package-metadata.js:117:7)
106 verbose stack     at pickVersionFromRegistryDocument (/usr/share/npm/lib/fetch-package-metadata.js:134:20)
106 verbose stack     at /usr/share/npm/node_modules/iferr/index.js:13:50
107 verbose cwd /home/acer/code/Harrytimbog/omniauth-facebook
108 error Linux 4.15.0-118-generic
109 error argv "/usr/bin/node" "/usr/bin/npm" "i" "autoprefixer"
110 error node v8.10.0
111 error npm  v3.5.2
112 error code EMISSINGARG
113 error typeerror Error: Missing required argument #1
113 error typeerror     at andLogAndFinish (/usr/share/npm/lib/fetch-package-metadata.js:31:3)
113 error typeerror     at fetchPackageMetadata (/usr/share/npm/lib/fetch-package-metadata.js:51:22)
113 error typeerror     at resolveWithNewModule (/usr/share/npm/lib/install/deps.js:456:12)
113 error typeerror     at /usr/share/npm/lib/install/deps.js:457:7
113 error typeerror     at /usr/share/npm/node_modules/iferr/index.js:13:50
113 error typeerror     at /usr/share/npm/lib/fetch-package-metadata.js:37:12
113 error typeerror     at addRequestedAndFinish (/usr/share/npm/lib/fetch-package-metadata.js:82:5)
113 error typeerror     at returnAndAddMetadata (/usr/share/npm/lib/fetch-package-metadata.js:117:7)
113 error typeerror     at pickVersionFromRegistryDocument (/usr/share/npm/lib/fetch-package-metadata.js:134:20)
113 error typeerror     at /usr/share/npm/node_modules/iferr/index.js:13:50
114 error typeerror This is an error with npm itself. Please report this error at:
114 error typeerror     <http://github.com/npm/npm/issues>
115 verbose exit [ 1, true ]
